<?xml version="1.0" encoding="UTF-8"?>
<testng-results ignored="0" total="1" passed="1" failed="0" skipped="0">
  <reporter-output>
  </reporter-output>
  <suite started-at="2023-12-28T22:58:05 EST" name="Default suite" finished-at="2023-12-28T22:58:37 EST" duration-ms="32104">
    <groups>
    </groups>
    <test started-at="2023-12-28T22:58:05 EST" name="Default test" finished-at="2023-12-28T22:58:37 EST" duration-ms="32104">
      <class name="SauaceLab.SauceLabAutomation.IOSRealDeviceTest">
        <test-method signature="fRealDeviceIOS()[pri:0, instance:SauaceLab.SauceLabAutomation.IOSRealDeviceTest@63a12c68]" started-at="2023-12-28T22:58:05 EST" name="fRealDeviceIOS" finished-at="2023-12-28T22:58:37 EST" duration-ms="32057" status="PASS">
          <reporter-output>
          </reporter-output>
        </test-method> <!-- fRealDeviceIOS -->
      </class> <!-- SauaceLab.SauceLabAutomation.IOSRealDeviceTest -->
    </test> <!-- Default test -->
  </suite> <!-- Default suite -->
</testng-results>
